This is pdfTeX, Version 3.14159265-2.6-1.40.15 (TeX Live 2015/dev/Debian) (preloaded format=pdflatex 2015.6.30)  7 DEC 2015 13:27
entering extended mode
 restricted \write18 enabled.
 Source specials enabled.
 %&-line parsing enabled.
**Principal.tex
(./Principal.tex
LaTeX2e <2014/05/01>
Babel <3.9l> and hyphenation patterns for 79 languages loaded.
(/usr/share/texlive/texmf-dist/tex/latex/abntex2/abntex2.cls
Document Class: abntex2 2014/01/26 v1.9.2 abnTeX2
(/usr/share/texlive/texmf-dist/tex/latex/base/ifthen.sty
Package: ifthen 2014/09/29 v1.1c Standard LaTeX ifthen package (DPC)
)
(/usr/share/texlive/texmf-dist/tex/latex/memoir/memoir.cls
Document Class: memoir 2013/05/30 v3.7b configurable book, report, article docu
ment class
\onelineskip=\skip41
\lxvchars=\skip42
\xlvchars=\skip43
\@memcnta=\count79
\c@@memmarkcntra=\count80
(/usr/share/texlive/texmf-dist/tex/generic/oberdiek/ifpdf.sty
Package: ifpdf 2011/01/30 v2.3 Provides the ifpdf switch (HO)
Package ifpdf Info: pdfTeX in PDF mode is detected.
)
(/usr/share/texlive/texmf-dist/tex/latex/ifetex/ifetex.sty
Package: ifetex 2011/12/15 v1.2 ifetex

(/usr/share/texlive/texmf-dist/tex/plain/ifetex/ifetex.tex))
(/usr/share/texlive/texmf-dist/tex/generic/ifxetex/ifxetex.sty
Package: ifxetex 2010/09/12 v0.6 Provides ifxetex conditional
)
(/usr/share/texlive/texmf-dist/tex/generic/oberdiek/ifluatex.sty
Package: ifluatex 2010/03/01 v1.3 Provides the ifluatex switch (HO)
Package ifluatex Info: LuaTeX not detected.
)
\stockheight=\skip44
\stockwidth=\skip45
\trimtop=\skip46
\trimedge=\skip47

(/usr/share/texlive/texmf-dist/tex/latex/etex-pkg/etex.sty
Package: etex 1998/03/26 v2.0 eTeX basic definition package (PEB)
\et@xins=\count81
)
(/usr/share/texlive/texmf-dist/tex/latex/memoir/mem12.clo
File: mem12.clo 2010/10/19 v0.4b memoir class 12pt size option
)
\binding=\skip48
\spinemargin=\skip49
\foremargin=\skip50
\uppermargin=\skip51
\lowermargin=\skip52
\headdrop=\skip53
\normalrulethickness=\skip54
\mem@maxheadheight=\skip55
\mem@maxfootheight=\skip56
\headwidth=\skip57
\c@storedpagenumber=\count82
\memPD=\dimen102
\m@mabparskip=\skip58
\thanksmarkwidth=\skip59
\thanksmarksep=\skip60
\droptitle=\skip61
\c@book=\count83
\c@part=\count84
\c@chapter=\count85
\c@section=\count86
\c@subsection=\count87
\c@subsubsection=\count88
\c@paragraph=\count89
\c@subparagraph=\count90
\beforechapskip=\skip62
\midchapskip=\skip63
\afterchapskip=\skip64
\chapindent=\skip65
\bottomsectionskip=\skip66
\secindent=\skip67
\beforesecskip=\skip68
\aftersecskip=\skip69
\subsecindent=\skip70
\beforesubsecskip=\skip71
\aftersubsecskip=\skip72
\subsubsecindent=\skip73
\beforesubsubsecskip=\skip74
\aftersubsubsecskip=\skip75
\paraindent=\skip76
\beforeparaskip=\skip77
\afterparaskip=\skip78
\subparaindent=\skip79
\beforesubparaskip=\skip80
\aftersubparaskip=\skip81
\pfbreakskip=\skip82
\c@@ppsavesec=\count91
\c@@ppsaveapp=\count92
\ragrparindent=\dimen103
\everylistparindent=\dimen104
\parsepi=\skip83
\topsepi=\skip84
\itemsepi=\skip85
\parsepii=\skip86
\topsepii=\skip87
\topsepiii=\skip88
\itemsepii=\skip89
\itemsepiii=\skip90
\partopsepii=\skip91
\partopsepiii=\skip92
\m@msavetopsep=\skip93
\m@msavepartopsep=\skip94
\@enLab=\toks14
\abstitleskip=\skip95
\absleftindent=\skip96
\abs@leftindent=\dimen105
\absrightindent=\skip97
\absparindent=\skip98
\absparsep=\skip99
\c@vslineno=\count93
\c@poemline=\count94
\c@modulo@vs=\count95
\c@memfvsline=\count96
\vleftskip=\skip100
\vrightskip=\skip101
\stanzaskip=\skip102
\versewidth=\skip103
\vgap=\skip104
\vindent=\skip105
\vleftmargin=\dimen106
\c@verse=\count97
\c@chrsinstr=\count98
\beforepoemtitleskip=\skip106
\afterpoemtitleskip=\skip107
\c@poem=\count99
\beforePoemTitleskip=\skip108
\midPoemTitleskip=\skip109
\afterPoemTitleskip=\skip110
\col@sep=\dimen107
\extrarowheight=\dimen108
\NC@list=\toks15
\extratabsurround=\skip111
\backup@length=\skip112
\TX@col@width=\dimen109
\TX@old@table=\dimen110
\TX@old@col=\dimen111
\TX@target=\dimen112
\TX@delta=\dimen113
\TX@cols=\count100
\TX@ftn=\toks16
\heavyrulewidth=\dimen114
\lightrulewidth=\dimen115
\cmidrulewidth=\dimen116
\belowrulesep=\dimen117
\belowbottomsep=\dimen118
\aboverulesep=\dimen119
\abovetopsep=\dimen120
\cmidrulesep=\dimen121
\cmidrulekern=\dimen122
\defaultaddspace=\dimen123
\@cmidla=\count101
\@cmidlb=\count102
\@aboverulesep=\dimen124
\@belowrulesep=\dimen125
\@thisruleclass=\count103
\@lastruleclass=\count104
\@thisrulewidth=\dimen126
\ctableftskip=\skip113
\ctabrightskip=\skip114
\abovecolumnspenalty=\count105
\@linestogo=\count106
\@cellstogo=\count107
\@cellsincolumn=\count108
\crtok=\toks17
\@mincolumnwidth=\dimen127
\c@newflo@tctr=\count109
\mem@margin@floatbox=\box26
\@contcwidth=\skip115
\@contindw=\skip116
\abovecaptionskip=\skip117
\belowcaptionskip=\skip118
\subfloattopskip=\skip119
\subfloatcapskip=\skip120
\subfloatcaptopadj=\skip121
\subfloatbottomskip=\skip122
\subfloatlabelskip=\skip123
\subfloatcapmargin=\dimen128
\c@@contsubnum=\count110
\m@mscap@capbox=\box27
\m@mscap@fbox=\box28
\sidecapsep=\dimen129
\sidecapwidth=\dimen130
\m@m@tempdima=\dimen131
\m@mscapraise=\dimen132
\sidecapraise=\dimen133
\m@mscapmainwidth=\dimen134
\m@mscaplkern=\dimen135
\beforeepigraphskip=\skip124
\afterepigraphskip=\skip125
\epigraphwidth=\skip126
\epigraphrule=\skip127
LaTeX Info: Redefining \em on input line 7492.
LaTeX Info: Redefining \emph on input line 7500.
\tocentryskip=\skip128
\tocbaseline=\skip129
\cftparskip=\skip130
\cftbeforebookskip=\skip131
\cftbookindent=\dimen136
\cftbooknumwidth=\dimen137
\cftbeforepartskip=\skip132
\cftpartindent=\skip133
\cftpartnumwidth=\skip134
\cftbeforechapterskip=\skip135
\cftchapterindent=\skip136
\cftchapternumwidth=\skip137
\cftbeforesectionskip=\skip138
\cftsectionindent=\skip139
\cftsectionnumwidth=\skip140
\cftbeforesubsectionskip=\skip141
\cftsubsectionindent=\skip142
\cftsubsectionnumwidth=\skip143
\cftbeforesubsubsectionskip=\skip144
\cftsubsubsectionindent=\skip145
\cftsubsubsectionnumwidth=\skip146
\cftbeforeparagraphskip=\skip147
\cftparagraphindent=\skip148
\cftparagraphnumwidth=\skip149
\cftbeforesubparagraphskip=\skip150
\cftsubparagraphindent=\skip151
\cftsubparagraphnumwidth=\skip152
\prechapterprecisshift=\dimen138
\c@maxsecnumdepth=\count111
\bibindent=\dimen139
\bibitemsep=\skip153
\indexcolsep=\skip154
\indexrule=\skip155
\indexmarkstyle=\toks18
\@indexbox=\insert233
\glossarycolsep=\dimen140
\glossaryrule=\dimen141
\sideparvshift=\skip156
\sideins=\insert232
\sidebartopsep=\skip157
\sidebarhsep=\skip158
\sidebarvsep=\skip159
\sidebarwidth=\skip160
\footmarkwidth=\skip161
\footmarksep=\skip162
\footparindent=\skip163
\footinsdim=\skip164
\footinsv@r=\insert231
\@mpfootinsv@r=\insert230
\m@m@k=\count112
\m@m@h=\dimen142
\m@mipn@skip=\skip165
\sidefootins=\insert229
\sidefootadjust=\skip166
\sidefootheight=\skip167
\sidefoothsep=\skip168
\sidefootvsep=\skip169
\sidefootwidth=\skip170
\m@mdownsf=\skip171
\c@sidefootnote=\count113
\sidefootmarkwidth=\skip172
\sidefootmarksep=\skip173
\sidefootparindent=\skip174
\c@pagenote=\count114
\c@pagenoteshadow=\count115
\mem@pn@lastkern=\skip175
\every@verbatim=\toks19
\afterevery@verbatim=\toks20
\verbatim@line=\toks21
\tab@position=\count116
\verbatim@in@stream=\read1
\verbatimindent=\skip176
\verbatim@out=\write3
\bvboxsep=\skip177
\c@memfbvline=\count117
\c@bvlinectr=\count118
\bvnumlength=\skip178
\fb@frw=\dimen143
\fb@frh=\dimen144
\FrameRule=\dimen145
\FrameSep=\dimen146
\c@cp@cntr=\count119
LaTeX Info: Redefining \: on input line 11958.
LaTeX Info: Redefining \! on input line 11960.
\c@ism@mctr=\count120
\c@xsm@mctr=\count121
\c@csm@mctr=\count122
\c@ksm@mctr=\count123
\c@xksm@mctr=\count124
\c@cksm@mctr=\count125
\c@msm@mctr=\count126
\c@xmsm@mctr=\count127
\c@cmsm@mctr=\count128
\c@bsm@mctr=\count129
\c@workm@mctr=\count130
\c@sheetsequence=\count131
\c@lastsheet=\count132
\c@lastpage=\count133
\c@figure=\count134
\c@lofdepth=\count135
\cftbeforefigureskip=\skip179
\cftfigureindent=\skip180
\cftfigurenumwidth=\skip181
\c@table=\count136
\c@lotdepth=\count137
\cftbeforetableskip=\skip182
\cfttableindent=\skip183
\cfttablenumwidth=\skip184
Package abstract [2008/07/23] emulated by memoir.
Package appendix [2008/07/23] emulated by memoir.
Package array [2008/09/09] emulated by memoir.
Package booktabs [2008/07/23] emulated by memoir.
Package ccaption [2008/07/23] emulated by memoir.
Package changepage [2008/07/23] emulated by memoir.
Package chngcntr [2008/07/23] emulated by memoir.
Package chngpage [2008/07/23] emulated by memoir.
Package crop emulated by memoir.
Package dcolumn [2008/07/23] emulated by memoir.
Package delarray [2008/07/23] emulated by memoir.
Package enumerate [2008/07/23] emulated by memoir.
Package epigraph [2008/07/23] emulated by memoir.
Package ifmtarg [2008/07/23] emulated by memoir.
Package index [2008/07/23] emulated by memoir.
Package makeidx [2008/07/23] emulated by memoir.
Package moreverb [2008/07/23] emulated by memoir.
Package mparhack [2008/07/23] emulated by memoir.
Package needspace [2008/07/23] emulated by memoir.
Package newfile [2008/07/23] emulated by memoir.
Package nextpage [2008/07/23] emulated by memoir.
Package pagenote [2008/07/23] emulated by memoir.
Package parskip [2008/07/23] emulated by memoir.
Package patchcmd [2008/07/23] emulated by memoir.
Package setspace [2008/07/23] emulated by memoir.
Package shortvrb [2008/07/23] emulated by memoir.
Package showidx [2008/07/23] emulated by memoir.
Package tabularx [2008/07/23] emulated by memoir.
Package titleref [2008/07/23] emulated by memoir.
Package titling [2008/07/23] emulated by memoir.
Package tocbibind [2008/07/23] emulated by memoir.
Package tocloft [2008/07/23] emulated by memoir.
Package tocvsec2 [2008/07/23] emulated by memoir.
Package verbatim [2008/07/23] emulated by memoir.
Package verse [2008/07/23] emulated by memoir.

(/usr/share/texlive/texmf-dist/tex/latex/memoir/mempatch.sty
Package: mempatch 2009/07/24 v6.0f Patches for memoir class v1.6180339
))
(/usr/share/texlive/texmf-dist/tex/latex/textcase/textcase.sty
Package: textcase 2004/10/07 v0.07 Text only upper/lower case changing (DPC)
LaTeX Info: Redefining \MakeTextUppercase on input line 47.
LaTeX Info: Redefining \MakeTextLowercase on input line 50.
)
(/usr/share/texlive/texmf-dist/tex/latex/hyperref/hyperref.sty
Package: hyperref 2012/11/06 v6.83m Hypertext links for LaTeX

(/usr/share/texlive/texmf-dist/tex/generic/oberdiek/hobsub-hyperref.sty
Package: hobsub-hyperref 2012/05/28 v1.13 Bundle oberdiek, subset hyperref (HO)


(/usr/share/texlive/texmf-dist/tex/generic/oberdiek/hobsub-generic.sty
Package: hobsub-generic 2012/05/28 v1.13 Bundle oberdiek, subset generic (HO)
Package: hobsub 2012/05/28 v1.13 Construct package bundles (HO)
Package: infwarerr 2010/04/08 v1.3 Providing info/warning/error messages (HO)
Package: ltxcmds 2011/11/09 v1.22 LaTeX kernel commands for general use (HO)
Package hobsub Info: Skipping package `ifluatex' (already loaded).
Package: ifvtex 2010/03/01 v1.5 Detect VTeX and its facilities (HO)
Package ifvtex Info: VTeX not detected.
Package: intcalc 2007/09/27 v1.1 Expandable calculations with integers (HO)
Package hobsub Info: Skipping package `ifpdf' (already loaded).
Package: etexcmds 2011/02/16 v1.5 Avoid name clashes with e-TeX commands (HO)
Package etexcmds Info: Could not find \expanded.
(etexcmds)             That can mean that you are not using pdfTeX 1.50 or
(etexcmds)             that some package has redefined \expanded.
(etexcmds)             In the latter case, load this package earlier.
Package: kvsetkeys 2012/04/25 v1.16 Key value parser (HO)
Package: kvdefinekeys 2011/04/07 v1.3 Define keys (HO)
Package: pdftexcmds 2011/11/29 v0.20 Utility functions of pdfTeX for LuaTeX (HO
)
Package pdftexcmds Info: LuaTeX not detected.
Package pdftexcmds Info: \pdf@primitive is available.
Package pdftexcmds Info: \pdf@ifprimitive is available.
Package pdftexcmds Info: \pdfdraftmode found.
Package: pdfescape 2011/11/25 v1.13 Implements pdfTeX's escape features (HO)
Package: bigintcalc 2012/04/08 v1.3 Expandable calculations on big integers (HO
)
Package: bitset 2011/01/30 v1.1 Handle bit-vector datatype (HO)
Package: uniquecounter 2011/01/30 v1.2 Provide unlimited unique counter (HO)
)
Package hobsub Info: Skipping package `hobsub' (already loaded).
Package: letltxmacro 2010/09/02 v1.4 Let assignment for LaTeX macros (HO)
Package: hopatch 2012/05/28 v1.2 Wrapper for package hooks (HO)
Package: xcolor-patch 2011/01/30 xcolor patch
Package: atveryend 2011/06/30 v1.8 Hooks at the very end of document (HO)
Package atveryend Info: \enddocument detected (standard20110627).
Package: atbegshi 2011/10/05 v1.16 At begin shipout hook (HO)
Package: refcount 2011/10/16 v3.4 Data extraction from label references (HO)
Package: hycolor 2011/01/30 v1.7 Color options for hyperref/bookmark (HO)
)
(/usr/share/texlive/texmf-dist/tex/latex/graphics/keyval.sty
Package: keyval 2014/05/08 v1.15 key=value parser (DPC)
\KV@toks@=\toks22
)
(/usr/share/texlive/texmf-dist/tex/latex/oberdiek/auxhook.sty
Package: auxhook 2011/03/04 v1.3 Hooks for auxiliary files (HO)
)
(/usr/share/texlive/texmf-dist/tex/latex/oberdiek/kvoptions.sty
Package: kvoptions 2011/06/30 v3.11 Key value format for package options (HO)
)
\@linkdim=\dimen147
\Hy@linkcounter=\count138
\Hy@pagecounter=\count139

(/usr/share/texlive/texmf-dist/tex/latex/hyperref/pd1enc.def
File: pd1enc.def 2012/11/06 v6.83m Hyperref: PDFDocEncoding definition (HO)
)
\Hy@SavedSpaceFactor=\count140

(/usr/share/texlive/texmf-dist/tex/latex/latexconfig/hyperref.cfg
File: hyperref.cfg 2002/06/06 v1.2 hyperref configuration of TeXLive
)
Package hyperref Info: Hyper figures OFF on input line 4443.
Package hyperref Info: Link nesting OFF on input line 4448.
Package hyperref Info: Hyper index ON on input line 4451.
Package hyperref Info: Plain pages OFF on input line 4458.
Package hyperref Info: Backreferencing OFF on input line 4463.
Package hyperref Info: Implicit mode ON; LaTeX internals redefined.
Package hyperref Info: Bookmarks ON on input line 4688.
\c@Hy@tempcnt=\count141

(/usr/share/texlive/texmf-dist/tex/latex/url/url.sty
\Urlmuskip=\muskip10
Package: url 2013/09/16  ver 3.4  Verb mode for urls, etc.
)
LaTeX Info: Redefining \url on input line 5041.
\XeTeXLinkMargin=\dimen148
\Fld@menulength=\count142
\Field@Width=\dimen149
\Fld@charsize=\dimen150
Package hyperref Info: Hyper figures OFF on input line 6295.
Package hyperref Info: Link nesting OFF on input line 6300.
Package hyperref Info: Hyper index ON on input line 6303.
Package hyperref Info: backreferencing OFF on input line 6310.
Package hyperref Info: Link coloring OFF on input line 6315.
Package hyperref Info: Link coloring with OCG OFF on input line 6320.
Package hyperref Info: PDF/A mode OFF on input line 6325.
LaTeX Info: Redefining \ref on input line 6365.
LaTeX Info: Redefining \pageref on input line 6369.
\Hy@abspage=\count143
\c@Item=\count144
\c@Hfootnote=\count145
)
(/usr/share/texlive/texmf-dist/tex/latex/memoir/memhfixc.sty
Package: memhfixc 2013/05/30 v1.17 nameref/hyperref package fixes for memoir cl
ass
\c@memhycontfloat=\count146
\c@Hpagenote=\count147
)

Package hyperref Message: Driver (autodetected): hpdftex.

(/usr/share/texlive/texmf-dist/tex/latex/hyperref/hpdftex.def
File: hpdftex.def 2012/11/06 v6.83m Hyperref driver for pdfTeX
\Fld@listcount=\count148
\c@bookmark@seq@number=\count149

(/usr/share/texlive/texmf-dist/tex/latex/oberdiek/rerunfilecheck.sty
Package: rerunfilecheck 2011/04/15 v1.7 Rerun checks for auxiliary files (HO)
Package uniquecounter Info: New unique counter `rerunfilecheck' on input line 2
82.
)
\Hy@SectionHShift=\skip185
)
(/usr/share/texlive/texmf-dist/tex/latex/oberdiek/bookmark.sty
Package: bookmark 2011/12/02 v1.24 PDF bookmarks (HO)

(/usr/share/texlive/texmf-dist/tex/latex/oberdiek/bkm-pdftex.def
File: bkm-pdftex.def 2011/12/02 v1.24 bookmark driver for pdfTeX (HO)
\BKM@id=\count150
))
(/usr/share/texlive/texmf-dist/tex/generic/babel/babel.sty
Package: babel 2014/09/25 3.9l The Babel package

(/usr/share/texlive/texmf-dist/tex/generic/babel-english/english.ldf
Language: english 2012/08/20 v3.3p English support from the babel system

(/usr/share/texlive/texmf-dist/tex/generic/babel/babel.def
File: babel.def 2014/09/25 3.9l Babel common definitions
\babel@savecnt=\count151
\U@D=\dimen151
)
\l@canadian = a dialect from \language\l@american 
\l@australian = a dialect from \language\l@british 
\l@newzealand = a dialect from \language\l@british 
)
(/usr/share/texlive/texmf-dist/tex/generic/babel-portuges/portuges.ldf
Language: portuges 2008/03/18 v1.2q Portuguese support from the babel system
\l@brazil = a dialect from \language\l@portuges 
Package babel Info: Making " an active character on input line 145.
))
(/usr/share/texlive/texmf-dist/tex/latex/enumitem/enumitem.sty
Package: enumitem 2011/09/28 v3.5.2 Customized lists
\labelindent=\skip186
\enit@outerparindent=\dimen152
\enit@toks=\toks23
\enit@inbox=\box29
\enitdp@description=\count152
)
(/usr/share/texlive/texmf-dist/tex/latex/tools/calc.sty
Package: calc 2014/10/28 v4.3 Infix arithmetic (KKT,FJ)
\calc@Acount=\count153
\calc@Bcount=\count154
\calc@Adimen=\dimen153
\calc@Bdimen=\dimen154
\calc@Askip=\skip187
\calc@Bskip=\skip188
LaTeX Info: Redefining \setlength on input line 75.
LaTeX Info: Redefining \addtolength on input line 76.
\calc@Ccount=\count155
\calc@Cskip=\skip189
)

******************************************************
Stock height and width: 845.04684pt by 597.50787pt
Top and edge trims: 0pt and 0pt
Page height and width: 845.04684pt by 597.50787pt
Text height and width: 708pt by 455pt
Spine and edge margins: 85.35826pt and 56.9055pt
Upper and lower margins: 85.35826pt and 51.68858pt
Headheight and headsep: 14.5pt and 19.8738pt
Footskip: 30pt
Columnsep and columnseprule: 10pt and 0pt
Marginparsep and marginparwidth: 7pt and 42.9055pt
Sidecapsep and sidecapwidth: 7pt and 42pt
Sidebarhsep and sidebarwidth: 7pt and 42pt
Sidebarvsep and sidebartopsep: 14.5pt and 0pt
Sidebarheight: 590.14995pt
Sidefoothsep and sidefootwidth: 7pt and 42pt
Sidefootvsep and sidefootheight: 14.5pt and 590.14995pt
******************************************************

\c@abntex@bookmarkcounter=\count156
\cftlastnumwidth=\skip190
\chapternamenumlength=\skip191
\ABNTEXcitacaorecuo=\skip192
\c@alineasi=\count157
\c@alineasii=\count158
\enitdp@alineas=\count159
\c@subalineasi=\count160
\enitdp@subalineas=\count161
\c@incisosi=\count162
\enitdp@incisos=\count163
\ABNTEXsignwidth=\skip193
\ABNTEXsignthickness=\skip194
\ABNTEXsignskip=\skip195
) (./styles/CodeStyle.sty
(/usr/share/texlive/texmf-dist/tex/latex/graphics/color.sty
Package: color 2014/04/23 v1.1a Standard LaTeX Color (DPC)

(/usr/share/texlive/texmf-dist/tex/latex/latexconfig/color.cfg
File: color.cfg 2007/01/18 v1.5 color configuration of teTeX/TeXLive
)
Package color Info: Driver file: pdftex.def on input line 137.

(/usr/share/texlive/texmf-dist/tex/latex/pdftex-def/pdftex.def
File: pdftex.def 2011/05/27 v0.06d Graphics/color for pdfTeX
\Gread@gobject=\count164
))
(/usr/share/texlive/texmf-dist/tex/latex/listings/listings.sty
\lst@mode=\count165
\lst@gtempboxa=\box30
\lst@token=\toks24
\lst@length=\count166
\lst@currlwidth=\dimen155
\lst@column=\count167
\lst@pos=\count168
\lst@lostspace=\dimen156
\lst@width=\dimen157
\lst@newlines=\count169
\lst@lineno=\count170
\lst@maxwidth=\dimen158

(/usr/share/texlive/texmf-dist/tex/latex/listings/lstmisc.sty
File: lstmisc.sty 2014/09/06 1.5e (Carsten Heinz)
\c@lstnumber=\count171
\lst@skipnumbers=\count172
\lst@framebox=\box31
)
(/usr/share/texlive/texmf-dist/tex/latex/listings/listings.cfg
File: listings.cfg 2014/09/06 1.5e listings configuration
))
Package: listings 2014/09/06 1.5e (Carsten Heinz)
Package color Info: Redefining color blue on input line 5.
Package color Info: Redefining color cyan on input line 9.
)
(./styles/EventFlowStyle.sty
\c@tablecell=\count173
) (./styles/NuapaStyle.sty
(/usr/share/texlive/texmf-dist/tex/latex/base/inputenc.sty
Package: inputenc 2014/04/30 v1.2b Input encoding file
\inpenc@prehook=\toks25
\inpenc@posthook=\toks26

(/usr/share/texlive/texmf-dist/tex/latex/base/utf8.def
File: utf8.def 2014/09/29 v1.1m UTF-8 support for inputenc
Now handling font encoding OML ...
... no UTF-8 mapping file for font encoding OML
Now handling font encoding T1 ...
... processing UTF-8 mapping file for font encoding T1

(/usr/share/texlive/texmf-dist/tex/latex/base/t1enc.dfu
File: t1enc.dfu 2014/09/29 v1.1m UTF-8 support for inputenc
   defining Unicode char U+00A1 (decimal 161)
   defining Unicode char U+00A3 (decimal 163)
   defining Unicode char U+00AB (decimal 171)
   defining Unicode char U+00BB (decimal 187)
   defining Unicode char U+00BF (decimal 191)
   defining Unicode char U+00C0 (decimal 192)
   defining Unicode char U+00C1 (decimal 193)
   defining Unicode char U+00C2 (decimal 194)
   defining Unicode char U+00C3 (decimal 195)
   defining Unicode char U+00C4 (decimal 196)
   defining Unicode char U+00C5 (decimal 197)
   defining Unicode char U+00C6 (decimal 198)
   defining Unicode char U+00C7 (decimal 199)
   defining Unicode char U+00C8 (decimal 200)
   defining Unicode char U+00C9 (decimal 201)
   defining Unicode char U+00CA (decimal 202)
   defining Unicode char U+00CB (decimal 203)
   defining Unicode char U+00CC (decimal 204)
   defining Unicode char U+00CD (decimal 205)
   defining Unicode char U+00CE (decimal 206)
   defining Unicode char U+00CF (decimal 207)
   defining Unicode char U+00D0 (decimal 208)
   defining Unicode char U+00D1 (decimal 209)
   defining Unicode char U+00D2 (decimal 210)
   defining Unicode char U+00D3 (decimal 211)
   defining Unicode char U+00D4 (decimal 212)
   defining Unicode char U+00D5 (decimal 213)
   defining Unicode char U+00D6 (decimal 214)
   defining Unicode char U+00D8 (decimal 216)
   defining Unicode char U+00D9 (decimal 217)
   defining Unicode char U+00DA (decimal 218)
   defining Unicode char U+00DB (decimal 219)
   defining Unicode char U+00DC (decimal 220)
   defining Unicode char U+00DD (decimal 221)
   defining Unicode char U+00DE (decimal 222)
   defining Unicode char U+00DF (decimal 223)
   defining Unicode char U+00E0 (decimal 224)
   defining Unicode char U+00E1 (decimal 225)
   defining Unicode char U+00E2 (decimal 226)
   defining Unicode char U+00E3 (decimal 227)
   defining Unicode char U+00E4 (decimal 228)
   defining Unicode char U+00E5 (decimal 229)
   defining Unicode char U+00E6 (decimal 230)
   defining Unicode char U+00E7 (decimal 231)
   defining Unicode char U+00E8 (decimal 232)
   defining Unicode char U+00E9 (decimal 233)
   defining Unicode char U+00EA (decimal 234)
   defining Unicode char U+00EB (decimal 235)
   defining Unicode char U+00EC (decimal 236)
   defining Unicode char U+00ED (decimal 237)
   defining Unicode char U+00EE (decimal 238)
   defining Unicode char U+00EF (decimal 239)
   defining Unicode char U+00F0 (decimal 240)
   defining Unicode char U+00F1 (decimal 241)
   defining Unicode char U+00F2 (decimal 242)
   defining Unicode char U+00F3 (decimal 243)
   defining Unicode char U+00F4 (decimal 244)
   defining Unicode char U+00F5 (decimal 245)
   defining Unicode char U+00F6 (decimal 246)
   defining Unicode char U+00F8 (decimal 248)
   defining Unicode char U+00F9 (decimal 249)
   defining Unicode char U+00FA (decimal 250)
   defining Unicode char U+00FB (decimal 251)
   defining Unicode char U+00FC (decimal 252)
   defining Unicode char U+00FD (decimal 253)
   defining Unicode char U+00FE (decimal 254)
   defining Unicode char U+00FF (decimal 255)
   defining Unicode char U+0102 (decimal 258)
   defining Unicode char U+0103 (decimal 259)
   defining Unicode char U+0104 (decimal 260)
   defining Unicode char U+0105 (decimal 261)
   defining Unicode char U+0106 (decimal 262)
   defining Unicode char U+0107 (decimal 263)
   defining Unicode char U+010C (decimal 268)
   defining Unicode char U+010D (decimal 269)
   defining Unicode char U+010E (decimal 270)
   defining Unicode char U+010F (decimal 271)
   defining Unicode char U+0110 (decimal 272)
   defining Unicode char U+0111 (decimal 273)
   defining Unicode char U+0118 (decimal 280)
   defining Unicode char U+0119 (decimal 281)
   defining Unicode char U+011A (decimal 282)
   defining Unicode char U+011B (decimal 283)
   defining Unicode char U+011E (decimal 286)
   defining Unicode char U+011F (decimal 287)
   defining Unicode char U+0130 (decimal 304)
   defining Unicode char U+0131 (decimal 305)
   defining Unicode char U+0132 (decimal 306)
   defining Unicode char U+0133 (decimal 307)
   defining Unicode char U+0139 (decimal 313)
   defining Unicode char U+013A (decimal 314)
   defining Unicode char U+013D (decimal 317)
   defining Unicode char U+013E (decimal 318)
   defining Unicode char U+0141 (decimal 321)
   defining Unicode char U+0142 (decimal 322)
   defining Unicode char U+0143 (decimal 323)
   defining Unicode char U+0144 (decimal 324)
   defining Unicode char U+0147 (decimal 327)
   defining Unicode char U+0148 (decimal 328)
   defining Unicode char U+014A (decimal 330)
   defining Unicode char U+014B (decimal 331)
   defining Unicode char U+0150 (decimal 336)
   defining Unicode char U+0151 (decimal 337)
   defining Unicode char U+0152 (decimal 338)
   defining Unicode char U+0153 (decimal 339)
   defining Unicode char U+0154 (decimal 340)
   defining Unicode char U+0155 (decimal 341)
   defining Unicode char U+0158 (decimal 344)
   defining Unicode char U+0159 (decimal 345)
   defining Unicode char U+015A (decimal 346)
   defining Unicode char U+015B (decimal 347)
   defining Unicode char U+015E (decimal 350)
   defining Unicode char U+015F (decimal 351)
   defining Unicode char U+0160 (decimal 352)
   defining Unicode char U+0161 (decimal 353)
   defining Unicode char U+0162 (decimal 354)
   defining Unicode char U+0163 (decimal 355)
   defining Unicode char U+0164 (decimal 356)
   defining Unicode char U+0165 (decimal 357)
   defining Unicode char U+016E (decimal 366)
   defining Unicode char U+016F (decimal 367)
   defining Unicode char U+0170 (decimal 368)
   defining Unicode char U+0171 (decimal 369)
   defining Unicode char U+0178 (decimal 376)
   defining Unicode char U+0179 (decimal 377)
   defining Unicode char U+017A (decimal 378)
   defining Unicode char U+017B (decimal 379)
   defining Unicode char U+017C (decimal 380)
   defining Unicode char U+017D (decimal 381)
   defining Unicode char U+017E (decimal 382)
   defining Unicode char U+200C (decimal 8204)
   defining Unicode char U+2013 (decimal 8211)
   defining Unicode char U+2014 (decimal 8212)
   defining Unicode char U+2018 (decimal 8216)
   defining Unicode char U+2019 (decimal 8217)
   defining Unicode char U+201A (decimal 8218)
   defining Unicode char U+201C (decimal 8220)
   defining Unicode char U+201D (decimal 8221)
   defining Unicode char U+201E (decimal 8222)
   defining Unicode char U+2030 (decimal 8240)
   defining Unicode char U+2031 (decimal 8241)
   defining Unicode char U+2039 (decimal 8249)
   defining Unicode char U+203A (decimal 8250)
   defining Unicode char U+2423 (decimal 9251)
)
Now handling font encoding OT1 ...
... processing UTF-8 mapping file for font encoding OT1

(/usr/share/texlive/texmf-dist/tex/latex/base/ot1enc.dfu
File: ot1enc.dfu 2014/09/29 v1.1m UTF-8 support for inputenc
   defining Unicode char U+00A1 (decimal 161)
   defining Unicode char U+00A3 (decimal 163)
   defining Unicode char U+00B8 (decimal 184)
   defining Unicode char U+00BF (decimal 191)
   defining Unicode char U+00C5 (decimal 197)
   defining Unicode char U+00C6 (decimal 198)
   defining Unicode char U+00D8 (decimal 216)
   defining Unicode char U+00DF (decimal 223)
   defining Unicode char U+00E6 (decimal 230)
   defining Unicode char U+00EC (decimal 236)
   defining Unicode char U+00ED (decimal 237)
   defining Unicode char U+00EE (decimal 238)
   defining Unicode char U+00EF (decimal 239)
   defining Unicode char U+00F8 (decimal 248)
   defining Unicode char U+0131 (decimal 305)
   defining Unicode char U+0141 (decimal 321)
   defining Unicode char U+0142 (decimal 322)
   defining Unicode char U+0152 (decimal 338)
   defining Unicode char U+0153 (decimal 339)
   defining Unicode char U+2013 (decimal 8211)
   defining Unicode char U+2014 (decimal 8212)
   defining Unicode char U+2018 (decimal 8216)
   defining Unicode char U+2019 (decimal 8217)
   defining Unicode char U+201C (decimal 8220)
   defining Unicode char U+201D (decimal 8221)
)
Now handling font encoding OMS ...
... processing UTF-8 mapping file for font encoding OMS

(/usr/share/texlive/texmf-dist/tex/latex/base/omsenc.dfu
File: omsenc.dfu 2014/09/29 v1.1m UTF-8 support for inputenc
   defining Unicode char U+00A7 (decimal 167)
   defining Unicode char U+00B6 (decimal 182)
   defining Unicode char U+00B7 (decimal 183)
   defining Unicode char U+2020 (decimal 8224)
   defining Unicode char U+2021 (decimal 8225)
   defining Unicode char U+2022 (decimal 8226)
)
Now handling font encoding OMX ...
... no UTF-8 mapping file for font encoding OMX
Now handling font encoding U ...
... no UTF-8 mapping file for font encoding U
Now handling font encoding PD1 ...
... no UTF-8 mapping file for font encoding PD1
   defining Unicode char U+00A9 (decimal 169)
   defining Unicode char U+00AA (decimal 170)
   defining Unicode char U+00AE (decimal 174)
   defining Unicode char U+00BA (decimal 186)
   defining Unicode char U+02C6 (decimal 710)
   defining Unicode char U+02DC (decimal 732)
   defining Unicode char U+200C (decimal 8204)
   defining Unicode char U+2026 (decimal 8230)
   defining Unicode char U+2122 (decimal 8482)
   defining Unicode char U+2423 (decimal 9251)
))
(/usr/share/texlive/texmf-dist/tex/latex/base/fontenc.sty
Package: fontenc 2005/09/27 v1.99g Standard LaTeX package

(/usr/share/texlive/texmf-dist/tex/latex/base/t1enc.def
File: t1enc.def 2005/09/27 v1.99g Standard LaTeX file
LaTeX Font Info:    Redeclaring font encoding T1 on input line 43.
))
(/usr/share/texlive/texmf-dist/tex/latex/abntex2/abntex2cite.sty
Package: abntex2cite 2014/01/26 v1.9.2 abnTeX2

(/usr/share/texlive/texmf-dist/tex/latex/abntex2/abntex2abrev.sty)
\minimumbiblabelwidth=\skip196
\ABCIauxlen=\skip197
\c@ABCIaux=\count174
\c@ABCImax=\count175

(/usr/share/texlive/texmf-dist/tex/latex/relsize/relsize.sty
Package: relsize 2013/03/29 ver 4.1
)
\biblabelsep=\skip198
LaTeX Info: Redefining \newblock on input line 675.
LaTeX Info: Redefining \cite on input line 702.
\ABCItoken=\toks27
)
(/usr/share/texlive/texmf-dist/tex/latex/graphics/graphicx.sty
Package: graphicx 2014/04/25 v1.0g Enhanced LaTeX Graphics (DPC,SPQR)

(/usr/share/texlive/texmf-dist/tex/latex/graphics/graphics.sty
Package: graphics 2009/02/05 v1.0o Standard LaTeX Graphics (DPC,SPQR)

(/usr/share/texlive/texmf-dist/tex/latex/graphics/trig.sty
Package: trig 1999/03/16 v1.09 sin cos tan (DPC)
)
(/usr/share/texlive/texmf-dist/tex/latex/latexconfig/graphics.cfg
File: graphics.cfg 2010/04/23 v1.9 graphics configuration of TeX Live
)
Package graphics Info: Driver file: pdftex.def on input line 91.
)
\Gin@req@height=\dimen159
\Gin@req@width=\dimen160
)
(/usr/share/texlive/texmf-dist/tex/latex/geometry/geometry.sty
Package: geometry 2010/09/12 v5.6 Page Geometry
\Gm@cnth=\count176
\Gm@cntv=\count177
\c@Gm@tempcnt=\count178
\Gm@bindingoffset=\dimen161
\Gm@wd@mp=\dimen162
\Gm@odd@mp=\dimen163
\Gm@even@mp=\dimen164
\Gm@layoutwidth=\dimen165
\Gm@layoutheight=\dimen166
\Gm@layouthoffset=\dimen167
\Gm@layoutvoffset=\dimen168
\Gm@dimlist=\toks28
)
(/usr/share/texmf/tex/latex/lm/lmodern.sty
Package: lmodern 2009/10/30 v1.6 Latin Modern Fonts
LaTeX Font Info:    Overwriting symbol font `operators' in version `normal'
(Font)                  OT1/cmr/m/n --> OT1/lmr/m/n on input line 22.
LaTeX Font Info:    Overwriting symbol font `letters' in version `normal'
(Font)                  OML/cmm/m/it --> OML/lmm/m/it on input line 23.
LaTeX Font Info:    Overwriting symbol font `symbols' in version `normal'
(Font)                  OMS/cmsy/m/n --> OMS/lmsy/m/n on input line 24.
LaTeX Font Info:    Overwriting symbol font `largesymbols' in version `normal'
(Font)                  OMX/cmex/m/n --> OMX/lmex/m/n on input line 25.
LaTeX Font Info:    Overwriting symbol font `operators' in version `bold'
(Font)                  OT1/cmr/bx/n --> OT1/lmr/bx/n on input line 26.
LaTeX Font Info:    Overwriting symbol font `letters' in version `bold'
(Font)                  OML/cmm/b/it --> OML/lmm/b/it on input line 27.
LaTeX Font Info:    Overwriting symbol font `symbols' in version `bold'
(Font)                  OMS/cmsy/b/n --> OMS/lmsy/b/n on input line 28.
LaTeX Font Info:    Overwriting symbol font `largesymbols' in version `bold'
(Font)                  OMX/cmex/m/n --> OMX/lmex/m/n on input line 29.
LaTeX Font Info:    Overwriting math alphabet `\mathbf' in version `normal'
(Font)                  OT1/cmr/bx/n --> OT1/lmr/bx/n on input line 31.
LaTeX Font Info:    Overwriting math alphabet `\mathsf' in version `normal'
(Font)                  OT1/cmss/m/n --> OT1/lmss/m/n on input line 32.
LaTeX Font Info:    Overwriting math alphabet `\mathit' in version `normal'
(Font)                  OT1/cmr/m/it --> OT1/lmr/m/it on input line 33.
LaTeX Font Info:    Overwriting math alphabet `\mathtt' in version `normal'
(Font)                  OT1/cmtt/m/n --> OT1/lmtt/m/n on input line 34.
LaTeX Font Info:    Overwriting math alphabet `\mathbf' in version `bold'
(Font)                  OT1/cmr/bx/n --> OT1/lmr/bx/n on input line 35.
LaTeX Font Info:    Overwriting math alphabet `\mathsf' in version `bold'
(Font)                  OT1/cmss/bx/n --> OT1/lmss/bx/n on input line 36.
LaTeX Font Info:    Overwriting math alphabet `\mathit' in version `bold'
(Font)                  OT1/cmr/bx/it --> OT1/lmr/bx/it on input line 37.
LaTeX Font Info:    Overwriting math alphabet `\mathtt' in version `bold'
(Font)                  OT1/cmtt/m/n --> OT1/lmtt/m/n on input line 38.
)
(/usr/share/texlive/texmf-dist/tex/latex/multirow/multirow.sty
\bigstrutjot=\dimen169
)
(/usr/share/texlive/texmf-dist/tex/latex/lastpage/lastpage.sty
Package: lastpage 2013/01/28 v1.2l Refers to last page's name (HMM; JPG)
)

Class memoir Warning: You are using the caption package with the memoir class. 
To prepare we will now reset all captioning macros and configurations to kernel
 defaults, and then let the caption package take over. Please remember to use t
he caption package interfaces in order to configure your captions. .

(/usr/share/texlive/texmf-dist/tex/latex/caption/caption.sty
Package: caption 2013/05/02 v3.3-89 Customizing captions (AR)

(/usr/share/texlive/texmf-dist/tex/latex/caption/caption3.sty
Package: caption3 2013/05/02 v1.6-88 caption3 kernel (AR)
Package caption3 Info: TeX engine: e-TeX on input line 57.
\captionmargin=\dimen170
\captionmargin@=\dimen171
\captionwidth=\dimen172
\caption@tempdima=\dimen173
\caption@indent=\dimen174
\caption@parindent=\dimen175
\caption@hangindent=\dimen176
)
\c@ContinuedFloat=\count179
Package caption Info: hyperref package is loaded.
Package caption Info: listings package is loaded.
)
(/usr/share/texlive/texmf-dist/tex/latex/tools/indentfirst.sty
Package: indentfirst 1995/11/23 v1.03 Indent first paragraph (DPC)
)
(/usr/share/texlive/texmf-dist/tex/latex/titlesec/titlesec.sty
Package: titlesec 2011/12/15 v2.10.0 Sectioning titles
\ttl@box=\box32
\beforetitleunit=\skip199
\aftertitleunit=\skip200
\ttl@plus=\dimen177
\ttl@minus=\dimen178
\ttl@toksa=\toks29
\titlewidth=\dimen179
\titlewidthlast=\dimen180
\titlewidthfirst=\dimen181
)
\c@loqdepth=\count180
\c@quadro=\count181
\cftbeforequadroskip=\skip201
\cftquadroindent=\skip202
\cftquadronumwidth=\skip203

(./editaveis/00_Dados.tex)
Package hyperref Info: Option `colorlinks' set `true' on input line 325.

(/usr/share/texlive/texmf-dist/tex/latex/ms/ragged2e.sty
Package: ragged2e 2009/05/21 v2.1 ragged2e Package (MS)

(/usr/share/texlive/texmf-dist/tex/latex/ms/everysel.sty
Package: everysel 2011/10/28 v1.2 EverySelectfont Package (MS)
)
\CenteringLeftskip=\skip204
\RaggedLeftLeftskip=\skip205
\RaggedRightLeftskip=\skip206
\CenteringRightskip=\skip207
\RaggedLeftRightskip=\skip208
\RaggedRightRightskip=\skip209
\CenteringParfillskip=\skip210
\RaggedLeftParfillskip=\skip211
\RaggedRightParfillskip=\skip212
\JustifyingParfillskip=\skip213
\CenteringParindent=\skip214
\RaggedLeftParindent=\skip215
\RaggedRightParindent=\skip216
\JustifyingParindent=\skip217
))
(/usr/share/texlive/texmf-dist/tex/latex/graphics/lscape.sty
Package: lscape 2000/10/22 v3.01 Landscape Pages (DPC)
) (./Principal.aux
(./fixos/01_Capa.aux))
\openout1 = `Principal.aux'.

LaTeX Font Info:    Checking defaults for OML/cmm/m/it on input line 13.
LaTeX Font Info:    ... okay on input line 13.
LaTeX Font Info:    Checking defaults for T1/cmr/m/n on input line 13.
LaTeX Font Info:    ... okay on input line 13.
LaTeX Font Info:    Checking defaults for OT1/cmr/m/n on input line 13.
LaTeX Font Info:    ... okay on input line 13.
LaTeX Font Info:    Checking defaults for OMS/cmsy/m/n on input line 13.
LaTeX Font Info:    ... okay on input line 13.
LaTeX Font Info:    Checking defaults for OMX/cmex/m/n on input line 13.
LaTeX Font Info:    ... okay on input line 13.
LaTeX Font Info:    Checking defaults for U/cmr/m/n on input line 13.
LaTeX Font Info:    ... okay on input line 13.
LaTeX Font Info:    Checking defaults for PD1/pdf/m/n on input line 13.
LaTeX Font Info:    ... okay on input line 13.
LaTeX Font Info:    Try loading font information for T1+ptm on input line 13.
 (/usr/share/texlive/texmf-dist/tex/latex/psnfss/t1ptm.fd
File: t1ptm.fd 2001/06/04 font definitions for T1/ptm.
)
\AtBeginShipoutBox=\box33
Package hyperref Info: Link coloring ON on input line 13.
 (/usr/share/texlive/texmf-dist/tex/latex/hyperref/nameref.sty
Package: nameref 2012/10/27 v2.43 Cross-referencing by name of section

(/usr/share/texlive/texmf-dist/tex/generic/oberdiek/gettitlestring.sty
Package: gettitlestring 2010/12/03 v1.4 Cleanup title references (HO)
)
\c@section@level=\count182
)
Redoing nameref's sectioning
Redoing nameref's label
LaTeX Info: Redefining \nameref on input line 13.
LaTeX Info: Redefining \ref on input line 13.
LaTeX Info: Redefining \pageref on input line 13.
LaTeX Info: Redefining \nameref on input line 13.
\myptabbox=\box34
\myptabboxwidth=\skip218
(/usr/share/texlive/texmf-dist/tex/context/base/supp-pdf.mkii
[Loading MPS to PDF converter (version 2006.09.02).]
\scratchcounter=\count183
\scratchdimen=\dimen182
\scratchbox=\box35
\nofMPsegments=\count184
\nofMParguments=\count185
\everyMPshowfont=\toks30
\MPscratchCnt=\count186
\MPscratchDim=\dimen183
\MPnumerator=\count187
\makeMPintoPDFobject=\count188
\everyMPtoPDFconversion=\toks31
)
\c@lstlisting=\count189
 (/usr/share/texlive/texmf-dist/tex/latex/oberdiek/epstopdf-base.sty
Package: epstopdf-base 2010/02/09 v2.5 Base part for package epstopdf

(/usr/share/texlive/texmf-dist/tex/latex/oberdiek/grfext.sty
Package: grfext 2010/08/19 v1.1 Manage graphics extensions (HO)
)
Package grfext Info: Graphics extension search list:
(grfext)             [.png,.pdf,.jpg,.mps,.jpeg,.jbig2,.jb2,.PNG,.PDF,.JPG,.JPE
G,.JBIG2,.JB2,.eps]
(grfext)             \AppendGraphicsExtensions on input line 452.

(/usr/share/texlive/texmf-dist/tex/latex/latexconfig/epstopdf-sys.cfg
File: epstopdf-sys.cfg 2010/07/13 v1.3 Configuration of (r)epstopdf for TeX Liv
e
))
*geometry* detected driver: pdftex
*geometry* verbose mode - [ preamble ] result:
* driver: pdftex
* paper: a4paper
* layout: <same size as paper>
* layoutoffset:(h,v)=(0.0pt,0.0pt)
* modes: 
* h-part:(L,W,R)=(105.2751pt, 435.32727pt, 56.9055pt)
* v-part:(T,H,B)=(85.35826pt, 702.78308pt, 56.9055pt)
* \paperwidth=597.50787pt
* \paperheight=845.04684pt
* \textwidth=435.32727pt
* \textheight=702.78308pt
* \oddsidemargin=33.00511pt
* \evensidemargin=33.00511pt
* \topmargin=-21.28552pt
* \headheight=14.5pt
* \headsep=19.8738pt
* \topskip=12.0pt
* \footskip=30.0pt
* \marginparwidth=42.9055pt
* \marginparsep=7.0pt
* \columnsep=10.0pt
* \skip\footins=12.0pt plus 4.0pt minus 4.0pt
* \hoffset=0.0pt
* \voffset=0.0pt
* \mag=1000
* \@twocolumnfalse
* \@twosidefalse
* \@mparswitchfalse
* \@reversemarginfalse
* (1in=72.27pt=25.4mm, 1cm=28.453pt)

Package lastpage Info: Please have a look at the pageslts package at
(lastpage)             http://www.ctan.org/tex-archive/ 
(lastpage)             macros/latex/contrib/pageslts/ 
(lastpage)             or
(lastpage)             http://www.ctan.org/tex-archive/ 
(lastpage)             install/macros/latex/contrib/pageslts.tds.zip
(lastpage)             ! on input line 13.
Package caption Info: Begin \AtBeginDocument code.
Package caption Info: End \AtBeginDocument code.
ABD: EverySelectfont initializing macros
LaTeX Info: Redefining \selectfont on input line 13.
\openout2 = `fixos/01_Capa.aux'.

 (./fixos/01_Capa.tex
LaTeX Font Info:    Font shape `T1/ptm/bx/n' in size <12> not available
(Font)              Font shape `T1/ptm/b/n' tried instead on input line 42.
LaTeX Font Info:    Font shape `T1/ptm/bx/n' in size <17.28> not available
(Font)              Font shape `T1/ptm/b/n' tried instead on input line 42.
LaTeX Font Info:    Try loading font information for OT1+lmr on input line 42.

(/usr/share/texmf/tex/latex/lm/ot1lmr.fd
File: ot1lmr.fd 2009/10/30 v1.6 Font defs for Latin Modern
)
LaTeX Font Info:    Try loading font information for OML+lmm on input line 42.

(/usr/share/texmf/tex/latex/lm/omllmm.fd
File: omllmm.fd 2009/10/30 v1.6 Font defs for Latin Modern
)
LaTeX Font Info:    Try loading font information for OMS+lmsy on input line 42.


(/usr/share/texmf/tex/latex/lm/omslmsy.fd
File: omslmsy.fd 2009/10/30 v1.6 Font defs for Latin Modern
)
LaTeX Font Info:    Try loading font information for OMX+lmex on input line 42.


(/usr/share/texmf/tex/latex/lm/omxlmex.fd
File: omxlmex.fd 2009/10/30 v1.6 Font defs for Latin Modern
)
LaTeX Font Info:    External font `lmex10' loaded for size
(Font)              <12> on input line 42.
LaTeX Font Info:    External font `lmex10' loaded for size
(Font)              <8> on input line 42.
LaTeX Font Info:    External font `lmex10' loaded for size
(Font)              <6> on input line 42.
LaTeX Font Info:    Font shape `T1/ptm/bx/n' in size <14.4> not available
(Font)              Font shape `T1/ptm/b/n' tried instead on input line 42.
 [1


{/var/lib/texmf/fonts/map/pdftex/updmap/pdftex.map}]) (./fixos/02_FolhaRosto.te
xpdfTeX warning (ext4): destination with the same identifier (name{page.1}) has
 been already used, duplicate ignored
<to be read again> 
                   \relax 
l.43 \imprimirfolhaderosto*{}
                              [1




]) (./fixos/03_FichaCatalografica.tex
Underfull \hbox (badness 10000) in paragraph at lines 24--24

 []


Underfull \hbox (badness 10000) in paragraph at lines 24--24

 []


Underfull \hbox (badness 10000) in paragraph at lines 24--24

 []


Underfull \hbox (badness 10000) in paragraph at lines 24--24

 []

[2]) (./fixos/04_FolhaAprovacao.tex
Underfull \hbox (badness 10000) in paragraph at lines 15--16

 []

[3

]) (./editaveis/05_Dedicatoria.tex
Underfull \hbox (badness 10000) in paragraph at lines 14--17

 []

[4

]) (./editaveis/06_Agradecimentos.tex
Underfull \hbox (badness 10000) in paragraph at lines 3--6

 []


Underfull \hbox (badness 10000) in paragraph at lines 18--21

 []

[5


]) (./fixos/0A_ListasAutomaticas.tex (./Principal.lof [6

] [7]) [8]
(./editaveis/0B_Siglas.tex [9


] [10])) (./editaveis/08_Resumo.tex [11

])
(./editaveis/09_Abstract.tex [12

]) (./fixos/0C_Sumario.tex (./Principal.toc)
[13

]) (./editaveis/10_Introducao.tex
<./imagens/0_introducao/introducao.png, id=296, 340.27126pt x 222.07968pt>
File: ./imagens/0_introducao/introducao.png Graphic file (type png)

<use ./imagens/0_introducao/introducao.png>
Package pdftex.def Info: ./imagens/0_introducao/introducao.png used on input li
ne 35.
(pdftex.def)             Requested size: 340.27042pt x 222.07913pt.
LaTeX Font Info:    Font shape `T1/ptm/bx/n' in size <10> not available
(Font)              Font shape `T1/ptm/b/n' tried instead on input line 38.
 [14

 <./imagens/0_introducao/introducao.png>]
LaTeX Font Info:    Try loading font information for OMS+ptm on input line 67.
 (/usr/share/texlive/texmf-dist/tex/latex/psnfss/omsptm.fd
File: omsptm.fd 
)
LaTeX Font Info:    Font shape `OMS/ptm/m/n' in size <12> not available
(Font)              Font shape `OMS/cmsy/m/n' tried instead on input line 67.
LaTeX Font Info:    External font `lmex10' loaded for size
(Font)              <10> on input line 90.
LaTeX Font Info:    External font `lmex10' loaded for size
(Font)              <7> on input line 90.
LaTeX Font Info:    External font `lmex10' loaded for size
(Font)              <5> on input line 90.
 [15])
(./editaveis/11_QuadroTeorico.tex [16] (./editaveis/quadro_teorico/1_java.tex)
(./editaveis/quadro_teorico/2_android.tex [17

]
LaTeX Font Info:    Try loading font information for T1+lmtt on input line 26.

(/usr/share/texmf/tex/latex/lm/t1lmtt.fd
File: t1lmtt.fd 2009/10/30 v1.6 Font defs for Latin Modern
) [18]
<./imagens/1_q_teorico/qt1.png, id=376, 562.35094pt x 390.70969pt>
File: ./imagens/1_q_teorico/qt1.png Graphic file (type png)

<use ./imagens/1_q_teorico/qt1.png>
Package pdftex.def Info: ./imagens/1_q_teorico/qt1.png used on input line 67.
(pdftex.def)             Requested size: 449.88136pt x 312.56816pt.
 [19 <./imagens/1_q_teorico/qt1.png (PNG copy)>] [20]) (./editaveis/quadro_teor
ico/21_elementos_graficos.tex [21])
(./editaveis/quadro_teorico/3_android_studio.tex [22])
(./editaveis/quadro_teorico/4_web_services.tex [23]
<./imagens/1_q_teorico/qt2.png, id=453, 645.16031pt x 255.95625pt>
File: ./imagens/1_q_teorico/qt2.png Graphic file (type png)

<use ./imagens/1_q_teorico/qt2.png>
Package pdftex.def Info: ./imagens/1_q_teorico/qt2.png used on input line 47.
(pdftex.def)             Requested size: 451.60913pt x 179.16814pt.
 [24 <./imagens/1_q_teorico/qt2.png>])
(./editaveis/quadro_teorico/41_rest.tex [25])
(./editaveis/quadro_teorico/5_tomcat.tex) [26]
(./editaveis/quadro_teorico/6_postgres.tex) [27]
(./editaveis/quadro_teorico/7_uml.tex) (./editaveis/quadro_teorico/8_gcm.tex
[28]) (./editaveis/quadro_teorico/9_jersey.tex [29])
(./editaveis/quadro_teorico/10_hibernate.tex [30] [31])
(./editaveis/quadro_teorico/11_maven.tex))
(./editaveis/12_QuadroMetodologico.tex [32]
(./editaveis/quadro_metodologico/1_tipo_pesquisa.tex)
(./editaveis/quadro_metodologico/2_contexto_pesquisa.tex) [33

]
(./editaveis/quadro_metodologico/3_instrumentos.tex
<./imagens/2_q_metodologico/3_instrumentos/instrumentos.png, id=643, 346.29375p
t x 602.25pt>
File: ./imagens/2_q_metodologico/3_instrumentos/instrumentos.png Graphic file (
type png)
 <use ./imagens/2_q_metodologico/3_instrumentos/instrumentos.png>
Package pdftex.def Info: ./imagens/2_q_metodologico/3_instrumentos/instrumentos
.png used on input line 23.
(pdftex.def)             Requested size: 346.2929pt x 602.24852pt.


LaTeX Warning: `!h' float specifier changed to `!ht'.

) [34] (./editaveis/quadro_metodologico/4_procedimentos_resultados.tex)
[35 <./imagens/2_q_metodologico/3_instrumentos/instrumentos.png (PNG copy)>]
(./editaveis/quadro_metodologico/40_requisitos.tex)
(./editaveis/quadro_metodologico/41_gcm.tex [36]
<./imagens/2_q_metodologico/4_procedimentos_resultados/41_gcm/gcm.png, id=664, 
435.6275pt x 107.40125pt>
File: ./imagens/2_q_metodologico/4_procedimentos_resultados/41_gcm/gcm.png Grap
hic file (type png)

<use ./imagens/2_q_metodologico/4_procedimentos_resultados/41_gcm/gcm.png>
Package pdftex.def Info: ./imagens/2_q_metodologico/4_procedimentos_resultados/
41_gcm/gcm.png used on input line 23.
(pdftex.def)             Requested size: 261.37851pt x 64.44122pt.

<./imagens/2_q_metodologico/4_procedimentos_resultados/41_gcm/gcm1.png, id=665,
 460.72125pt x 194.7275pt>
File: ./imagens/2_q_metodologico/4_procedimentos_resultados/41_gcm/gcm1.png Gra
phic file (type png)

<use ./imagens/2_q_metodologico/4_procedimentos_resultados/41_gcm/gcm1.png>
Package pdftex.def Info: ./imagens/2_q_metodologico/4_procedimentos_resultados/
41_gcm/gcm1.png used on input line 30.
(pdftex.def)             Requested size: 322.50267pt x 136.3083pt.

[37 <./imagens/2_q_metodologico/4_procedimentos_resultados/41_gcm/gcm.png (PNG 
copy)> <./imagens/2_q_metodologico/4_procedimentos_resultados/41_gcm/gcm1.png (
PNG copy)>]
<./imagens/2_q_metodologico/4_procedimentos_resultados/41_gcm/gcm2.png, id=671,
 613.29124pt x 331.2375pt>
File: ./imagens/2_q_metodologico/4_procedimentos_resultados/41_gcm/gcm2.png Gra
phic file (type png)

<use ./imagens/2_q_metodologico/4_procedimentos_resultados/41_gcm/gcm2.png>
Package pdftex.def Info: ./imagens/2_q_metodologico/4_procedimentos_resultados/
41_gcm/gcm2.png used on input line 42.
(pdftex.def)             Requested size: 429.30093pt x 231.86465pt.

<./imagens/2_q_metodologico/4_procedimentos_resultados/41_gcm/gcm3.png, id=673,
 601.24625pt x 437.635pt>
File: ./imagens/2_q_metodologico/4_procedimentos_resultados/41_gcm/gcm3.png Gra
phic file (type png)

<use ./imagens/2_q_metodologico/4_procedimentos_resultados/41_gcm/gcm3.png>
Package pdftex.def Info: ./imagens/2_q_metodologico/4_procedimentos_resultados/
41_gcm/gcm3.png used on input line 54.
(pdftex.def)             Requested size: 390.80542pt x 284.45937pt.

[38 <./imagens/2_q_metodologico/4_procedimentos_resultados/41_gcm/gcm2.png (PNG
 copy)> <./imagens/2_q_metodologico/4_procedimentos_resultados/41_gcm/gcm3.png 
(PNG copy)>]
<./imagens/2_q_metodologico/4_procedimentos_resultados/41_gcm/gcm4.png, id=680,
 1139.25626pt x 630.355pt>
File: ./imagens/2_q_metodologico/4_procedimentos_resultados/41_gcm/gcm4.png Gra
phic file (type png)

<use ./imagens/2_q_metodologico/4_procedimentos_resultados/41_gcm/gcm4.png>
Package pdftex.def Info: ./imagens/2_q_metodologico/4_procedimentos_resultados/
41_gcm/gcm4.png used on input line 67.
(pdftex.def)             Requested size: 455.69443pt x 252.13753pt.

<./imagens/2_q_metodologico/4_procedimentos_resultados/41_gcm/gcm5.png, id=682,
 638.385pt x 371.3875pt>
File: ./imagens/2_q_metodologico/4_procedimentos_resultados/41_gcm/gcm5.png Gra
phic file (type png)

<use ./imagens/2_q_metodologico/4_procedimentos_resultados/41_gcm/gcm5.png>
Package pdftex.def Info: ./imagens/2_q_metodologico/4_procedimentos_resultados/
41_gcm/gcm5.png used on input line 77.
(pdftex.def)             Requested size: 421.33539pt x 245.1165pt.

[39 <./imagens/2_q_metodologico/4_procedimentos_resultados/41_gcm/gcm4.png (PNG
 copy)> <./imagens/2_q_metodologico/4_procedimentos_resultados/41_gcm/gcm5.png 
(PNG copy)>]
<./imagens/2_q_metodologico/4_procedimentos_resultados/41_gcm/gcm6.png, id=689,
 1137.24875pt x 600.2425pt>
File: ./imagens/2_q_metodologico/4_procedimentos_resultados/41_gcm/gcm6.png Gra
phic file (type png)

<use ./imagens/2_q_metodologico/4_procedimentos_resultados/41_gcm/gcm6.png>
Package pdftex.def Info: ./imagens/2_q_metodologico/4_procedimentos_resultados/
41_gcm/gcm6.png used on input line 91.
(pdftex.def)             Requested size: 454.89145pt x 240.09274pt.

<./imagens/2_q_metodologico/4_procedimentos_resultados/41_gcm/gcm7.png, id=691,
 571.13374pt x 288.07625pt>
File: ./imagens/2_q_metodologico/4_procedimentos_resultados/41_gcm/gcm7.png Gra
phic file (type png)

<use ./imagens/2_q_metodologico/4_procedimentos_resultados/41_gcm/gcm7.png>
Package pdftex.def Info: ./imagens/2_q_metodologico/4_procedimentos_resultados/
41_gcm/gcm7.png used on input line 101.
(pdftex.def)             Requested size: 399.7909pt x 201.65198pt.

[40 <./imagens/2_q_metodologico/4_procedimentos_resultados/41_gcm/gcm6.png (PNG
 copy)> <./imagens/2_q_metodologico/4_procedimentos_resultados/41_gcm/gcm7.png 
(PNG copy)>]
<./imagens/2_q_metodologico/4_procedimentos_resultados/41_gcm/gcm8.png, id=699,
 838.13126pt x 426.59375pt>
File: ./imagens/2_q_metodologico/4_procedimentos_resultados/41_gcm/gcm8.png Gra
phic file (type png)

<use ./imagens/2_q_metodologico/4_procedimentos_resultados/41_gcm/gcm8.png>
Package pdftex.def Info: ./imagens/2_q_metodologico/4_procedimentos_resultados/
41_gcm/gcm8.png used on input line 116.
(pdftex.def)             Requested size: 460.97362pt x 234.62727pt.

<./imagens/2_q_metodologico/4_procedimentos_resultados/41_gcm/gcm9.png, id=700,
 494.84875pt x 180.675pt>
File: ./imagens/2_q_metodologico/4_procedimentos_resultados/41_gcm/gcm9.png Gra
phic file (type png)

<use ./imagens/2_q_metodologico/4_procedimentos_resultados/41_gcm/gcm9.png>
Package pdftex.def Info: ./imagens/2_q_metodologico/4_procedimentos_resultados/
41_gcm/gcm9.png used on input line 123.
(pdftex.def)             Requested size: 346.39177pt x 126.47162pt.
)
(./editaveis/quadro_metodologico/43_webservice.tex)
(./editaveis/quadro_metodologico/431_ambiente_desenvolvimento.tex [41 <./imagen
s/2_q_metodologico/4_procedimentos_resultados/41_gcm/gcm8.png (PNG copy)> <./im
agens/2_q_metodologico/4_procedimentos_resultados/41_gcm/gcm9.png (PNG copy)>])
(./editaveis/quadro_metodologico/432_desenvolvimento.tex [42]
<./imagens/2_q_metodologico/4_procedimentos_resultados/43_webservice/432_desenv
olvimento/desws.png, id=717, 376.40625pt x 374.90062pt>
File: ./imagens/2_q_metodologico/4_procedimentos_resultados/43_webservice/432_d
esenvolvimento/desws.png Graphic file (type png)

<use ./imagens/2_q_metodologico/4_procedimentos_resultados/43_webservice/432_de
senvolvimento/desws.png>
Package pdftex.def Info: ./imagens/2_q_metodologico/4_procedimentos_resultados/
43_webservice/432_desenvolvimento/desws.png used on input line 12.
(pdftex.def)             Requested size: 188.20265pt x 187.44984pt.

<./imagens/2_q_metodologico/4_procedimentos_resultados/43_webservice/432_desenv
olvimento/desws1.png, id=719, 376.40625pt x 376.40625pt>
File: ./imagens/2_q_metodologico/4_procedimentos_resultados/43_webservice/432_d
esenvolvimento/desws1.png Graphic file (type png)

<use ./imagens/2_q_metodologico/4_procedimentos_resultados/43_webservice/432_de
senvolvimento/desws1.png>
Package pdftex.def Info: ./imagens/2_q_metodologico/4_procedimentos_resultados/
43_webservice/432_desenvolvimento/desws1.png used on input line 24.
(pdftex.def)             Requested size: 188.20265pt x 188.20265pt.
 [43 <./imagens/2_q_metodologico/4_procedimentos_resultados/43_webservice/432_d
esenvolvimento/desws.png> <./imagens/2_q_metodologico/4_procedimentos_resultado
s/43_webservice/432_desenvolvimento/desws1.png>]
<./imagens/2_q_metodologico/4_procedimentos_resultados/43_webservice/432_desenv
olvimento/desws2.png, id=727, 398.23781pt x 121.95563pt>
File: ./imagens/2_q_metodologico/4_procedimentos_resultados/43_webservice/432_d
esenvolvimento/desws2.png Graphic file (type png)

<use ./imagens/2_q_metodologico/4_procedimentos_resultados/43_webservice/432_de
senvolvimento/desws2.png>
Package pdftex.def Info: ./imagens/2_q_metodologico/4_procedimentos_resultados/
43_webservice/432_desenvolvimento/desws2.png used on input line 36.
(pdftex.def)             Requested size: 278.76456pt x 85.36833pt.

<./imagens/2_q_metodologico/4_procedimentos_resultados/43_webservice/432_desenv
olvimento/desws6_3.png, id=729, 420.82219pt x 222.8325pt>
File: ./imagens/2_q_metodologico/4_procedimentos_resultados/43_webservice/432_d
esenvolvimento/desws6_3.png Graphic file (type png)

<use ./imagens/2_q_metodologico/4_procedimentos_resultados/43_webservice/432_de
senvolvimento/desws6_3.png>
Package pdftex.def Info: ./imagens/2_q_metodologico/4_procedimentos_resultados/
43_webservice/432_desenvolvimento/desws6_3.png used on input line 73.
(pdftex.def)             Requested size: 336.6582pt x 178.26624pt.


LaTeX Warning: `!h' float specifier changed to `!ht'.

[44 <./imagens/2_q_metodologico/4_procedimentos_resultados/43_webservice/432_de
senvolvimento/desws2.png>] (./code/student_java.tex
(/usr/share/texlive/texmf-dist/tex/latex/listings/lstlang1.sty
File: lstlang1.sty 2014/09/06 1.5e listings language file
)
LaTeX Font Info:    Font shape `T1/lmtt/bx/n' in size <10> not available
(Font)              Font shape `T1/lmtt/b/n' tried instead on input line 2.
)

LaTeX Warning: `!h' float specifier changed to `!ht'.

[45 <./imagens/2_q_metodologico/4_procedimentos_resultados/43_webservice/432_de
senvolvimento/desws6_3.png>] [46]
<./imagens/2_q_metodologico/4_procedimentos_resultados/43_webservice/432_desenv
olvimento/diagrama.png, id=799, 825.0825pt x 498.36188pt>
File: ./imagens/2_q_metodologico/4_procedimentos_resultados/43_webservice/432_d
esenvolvimento/diagrama.png Graphic file (type png)

<use ./imagens/2_q_metodologico/4_procedimentos_resultados/43_webservice/432_de
senvolvimento/diagrama.png>
Package pdftex.def Info: ./imagens/2_q_metodologico/4_procedimentos_resultados/
43_webservice/432_desenvolvimento/diagrama.png used on input line 156.
(pdftex.def)             Requested size: 412.54024pt x 249.18033pt.
 [47]
<./imagens/2_q_metodologico/4_procedimentos_resultados/43_webservice/432_desenv
olvimento/mer_ws.pdf, id=805, 884.30376pt x 484.81125pt>
File: ./imagens/2_q_metodologico/4_procedimentos_resultados/43_webservice/432_d
esenvolvimento/mer_ws.pdf Graphic file (type pdf)

<use ./imagens/2_q_metodologico/4_procedimentos_resultados/43_webservice/432_de
senvolvimento/mer_ws.pdf>
Package pdftex.def Info: ./imagens/2_q_metodologico/4_procedimentos_resultados/
43_webservice/432_desenvolvimento/mer_ws.pdf used on input line 171.
(pdftex.def)             Requested size: 442.1508pt x 242.40503pt.
 [48 <./imagens/2_q_metodologico/4_procedimentos_resultados/43_webservice/432_d
esenvolvimento/diagrama.png> <./imagens/2_q_metodologico/4_procedimentos_result
ados/43_webservice/432_desenvolvimento/mer_ws.pdf>]
<./imagens/2_q_metodologico/4_procedimentos_resultados/43_webservice/432_desenv
olvimento/desws13.png, id=815, 565.36218pt x 381.67593pt>
File: ./imagens/2_q_metodologico/4_procedimentos_resultados/43_webservice/432_d
esenvolvimento/desws13.png Graphic file (type png)

<use ./imagens/2_q_metodologico/4_procedimentos_resultados/43_webservice/432_de
senvolvimento/desws13.png>
Package pdftex.def Info: ./imagens/2_q_metodologico/4_procedimentos_resultados/
43_webservice/432_desenvolvimento/desws13.png used on input line 189.
(pdftex.def)             Requested size: 395.75082pt x 267.17133pt.
 (./code/hash.tex)

LaTeX Warning: `!h' float specifier changed to `!ht'.

[49 <./imagens/2_q_metodologico/4_procedimentos_resultados/43_webservice/432_de
senvolvimento/desws13.png>] (./code/event_type.tex)

LaTeX Warning: `!h' float specifier changed to `!ht'.

[50]
Overfull \hbox (1.31546pt too wide) in paragraph at lines 248--254
\T1/ptm/m/n/12 se da con-fi-gu-ra-o \T1/lmtt/m/n/12 <property name="hibernate
.hbm2ddl.auto"value="create"/>
 []

(./code/persistence_xml.tex)

LaTeX Warning: `!h' float specifier changed to `!ht'.

[51] (./code/jpaUtil.tex)

LaTeX Warning: `!h' float specifier changed to `!ht'.

[52]
<./imagens/2_q_metodologico/4_procedimentos_resultados/43_webservice/432_desenv
olvimento/desws18.png, id=907, 470.50781pt x 67.0003pt>
File: ./imagens/2_q_metodologico/4_procedimentos_resultados/43_webservice/432_d
esenvolvimento/desws18.png Graphic file (type png)

<use ./imagens/2_q_metodologico/4_procedimentos_resultados/43_webservice/432_de
senvolvimento/desws18.png>
Package pdftex.def Info: ./imagens/2_q_metodologico/4_procedimentos_resultados/
43_webservice/432_desenvolvimento/desws18.png used on input line 304.
(pdftex.def)             Requested size: 376.40675pt x 53.6003pt.
 [53 <./imagens/2_q_metodologico/4_procedimentos_resultados/43_webservice/432_d
esenvolvimento/desws18.png>]
(./code/pom_xml_hibernate.tex) [54] (./code/student_event_ctrl.tex)

LaTeX Warning: `!h' float specifier changed to `!ht'.

[55] [56] (./code/student_event.tex) (./code/student_events.tex)

LaTeX Warning: `!h' float specifier changed to `!ht'.

[57] (./code/student_disciplines.tex) [58] (./code/student_disciplines_ctrl.tex
) (./code/pom_xml.tex)

LaTeX Warning: `!h' float specifier changed to `!ht'.

[59] (./code/web_xml_jersey.tex) [60] (./code/students_resouces.tex)
Underfull \hbox (badness 10000) in paragraph at lines 502--512

 []

[61] (./code/user_res.tex) (./code/user_ctrl.tex)

LaTeX Warning: `!h' float specifier changed to `!ht'.

[62] [63] (./code/JerseyProvider.tex) [64] (./code/ContentMessageGCM.tex)

LaTeX Warning: `!h' float specifier changed to `!ht'.

[65] (./code/PostToGCM.tex)

LaTeX Warning: `!h' float specifier changed to `!ht'.

[66]

LaTeX Warning: Text page 67 contains only floats.


Overfull \vbox (6.6035pt too high) has occurred while \output is active []


[67] (./code/SendMessageGCM.tex) [68] (./code/ListenerAtualizations.tex)
(./code/listenerwebxml.tex)

LaTeX Warning: `!h' float specifier changed to `!ht'.

[69]) (./editaveis/quadro_metodologico/42_aplicativo.tex [70]
<./imagens/2_q_metodologico/4_procedimentos_resultados/42_aplicativo/app.png, i
d=1529, 1153.30875pt x 761.84625pt>
File: ./imagens/2_q_metodologico/4_procedimentos_resultados/42_aplicativo/app.p
ng Graphic file (type png)

<use ./imagens/2_q_metodologico/4_procedimentos_resultados/42_aplicativo/app.pn
g>
Package pdftex.def Info: ./imagens/2_q_metodologico/4_procedimentos_resultados/
42_aplicativo/app.png used on input line 44.
(pdftex.def)             Requested size: 461.31532pt x 304.7331pt.
 [71 <./imagens/2_q_metodologico/4_procedimentos_resultados/42_aplicativo/app.p
ng (PNG copy)>]
<./imagens/2_q_metodologico/4_procedimentos_resultados/42_aplicativo/app1.png, 
id=1535, 636.3775pt x 426.59375pt>
File: ./imagens/2_q_metodologico/4_procedimentos_resultados/42_aplicativo/app1.
png Graphic file (type png)

<use ./imagens/2_q_metodologico/4_procedimentos_resultados/42_aplicativo/app1.p
ng>
Package pdftex.def Info: ./imagens/2_q_metodologico/4_procedimentos_resultados/
42_aplicativo/app1.png used on input line 57.
(pdftex.def)             Requested size: 445.46121pt x 298.61357pt.
 [72 <./imagens/2_q_metodologico/4_procedimentos_resultados/42_aplicativo/app1.
png (PNG copy)>]
Overfull \hbox (2.91096pt too wide) in paragraph at lines 100--109
\T1/ptm/m/n/12 po-nente de id \T1/ptm/m/it/12 he-a-der-View \T1/ptm/m/n/12 e a 
pro-pri-e-dade \T1/lmtt/m/n/12 android:layout_above="@+id/footerView"
 []

(./code/app/fragment_navigation_drawer.tex)

LaTeX Warning: `!h' float specifier changed to `!ht'.

[73] (./code/app/onCreateView.tex)

LaTeX Warning: `!h' float specifier changed to `!ht'.

[74] (./code/app/selectItem.tex) [75] (./code/app/DatabaseHelper.tex)
(./code/app/insertEvents.tex)

LaTeX Warning: `!h' float specifier changed to `!ht'.

[76] (./code/app/getResults.tex)

LaTeX Warning: `!h' float specifier changed to `!ht'.

[77] (./code/app/HttpUtilUnivas.tex)

LaTeX Warning: `!h' float specifier changed to `!ht'.

[78]
<./imagens/2_q_metodologico/4_procedimentos_resultados/42_aplicativo/app8.png, 
id=1740, 661.47125pt x 122.4575pt>
File: ./imagens/2_q_metodologico/4_procedimentos_resultados/42_aplicativo/app8.
png Graphic file (type png)

<use ./imagens/2_q_metodologico/4_procedimentos_resultados/42_aplicativo/app8.p
ng>
Package pdftex.def Info: ./imagens/2_q_metodologico/4_procedimentos_resultados/
42_aplicativo/app8.png used on input line 264.
(pdftex.def)             Requested size: 463.02672pt x 85.71965pt.
 [79]
<./imagens/2_q_metodologico/4_procedimentos_resultados/42_aplicativo/app9.png, 
id=1791, 568.1225pt x 299.1175pt>
File: ./imagens/2_q_metodologico/4_procedimentos_resultados/42_aplicativo/app9.
png Graphic file (type png)

<use ./imagens/2_q_metodologico/4_procedimentos_resultados/42_aplicativo/app9.p
ng>
Package pdftex.def Info: ./imagens/2_q_metodologico/4_procedimentos_resultados/
42_aplicativo/app9.png used on input line 275.
(pdftex.def)             Requested size: 397.68303pt x 209.38081pt.
 (./code/app/GSON.tex) [80 <./imagens/2_q_metodologico/4_procedimentos_resultad
os/42_aplicativo/app8.png (PNG copy)> <./imagens/2_q_metodologico/4_procediment
os_resultados/42_aplicativo/app9.png (PNG copy)>]
(./code/app/ListResultsAdapter.tex) (./code/app/getGroupView.tex)

LaTeX Warning: `!h' float specifier changed to `!ht'.

[81] (./code/app/getChildView.tex) (./code/app/layout.tex)

LaTeX Warning: `!h' float specifier changed to `!ht'.

[82] (./code/app/onCreate.tex) [83]
<./imagens/2_q_metodologico/4_procedimentos_resultados/42_aplicativo/send1.png,
 id=1919, 566.115pt x 687.31781pt>
File: ./imagens/2_q_metodologico/4_procedimentos_resultados/42_aplicativo/send1
.png Graphic file (type png)

<use ./imagens/2_q_metodologico/4_procedimentos_resultados/42_aplicativo/send1.
png>
Package pdftex.def Info: ./imagens/2_q_metodologico/4_procedimentos_resultados/
42_aplicativo/send1.png used on input line 400.
(pdftex.def)             Requested size: 452.89261pt x 549.855pt.


LaTeX Warning: `!h' float specifier changed to `!ht'.

[84] [85 <./imagens/2_q_metodologico/4_procedimentos_resultados/42_aplicativo/s
end1.png>] (./code/app/GcmBroadcastReceiverUnivas.tex) (./code/app/receiver.tex
) (./code/app/checkPlayServices.tex)

LaTeX Warning: `!h' float specifier changed to `!ht'.

[86] (./code/app/getRegistrationId.tex) (./code/app/registerInBackground.tex)

LaTeX Warning: `!h' float specifier changed to `!ht'.

[87])) (./editaveis/13_Resultados.tex [88] (./code/doc_api.tex [89

])
<./imagens/3_discussao_resultados/dr.jpg, id=2046, 238.8925pt x 433.62pt>
File: ./imagens/3_discussao_resultados/dr.jpg Graphic file (type jpg)

<use ./imagens/3_discussao_resultados/dr.jpg>
Package pdftex.def Info: ./imagens/3_discussao_resultados/dr.jpg used on input 
line 52.
(pdftex.def)             Requested size: 191.11424pt x 346.89647pt.


LaTeX Warning: `!h' float specifier changed to `!ht'.

[90] <./imagens/3_discussao_resultados/dr1.png, id=2055, 240.9pt x 407.5225pt>
File: ./imagens/3_discussao_resultados/dr1.png Graphic file (type png)

<use ./imagens/3_discussao_resultados/dr1.png>
Package pdftex.def Info: ./imagens/3_discussao_resultados/dr1.png used on input
 line 68.
(pdftex.def)             Requested size: 192.72025pt x 326.01843pt.


LaTeX Warning: `!h' float specifier changed to `!ht'.

[91 <./imagens/3_discussao_resultados/dr.jpg>]
<./imagens/3_discussao_resultados/dr2.png, id=2063, 480.79625pt x 36.135pt>
File: ./imagens/3_discussao_resultados/dr2.png Graphic file (type png)

<use ./imagens/3_discussao_resultados/dr2.png>
Package pdftex.def Info: ./imagens/3_discussao_resultados/dr2.png used on input
 line 91.
(pdftex.def)             Requested size: 384.63751pt x 28.90802pt.

<./imagens/3_discussao_resultados/dr3.png, id=2064, 240.9pt x 146.5475pt>
File: ./imagens/3_discussao_resultados/dr3.png Graphic file (type png)

<use ./imagens/3_discussao_resultados/dr3.png>
Package pdftex.def Info: ./imagens/3_discussao_resultados/dr3.png used on input
 line 100.
(pdftex.def)             Requested size: 192.72025pt x 117.23813pt.


LaTeX Warning: `!h' float specifier changed to `!ht'.

[92 <./imagens/3_discussao_resultados/dr1.png (PNG copy)> <./imagens/3_discussa
o_resultados/dr2.png>]
<./imagens/3_discussao_resultados/dr4.png, id=2070, 239.89626pt x 361.35pt>
File: ./imagens/3_discussao_resultados/dr4.png Graphic file (type png)

<use ./imagens/3_discussao_resultados/dr4.png>
Package pdftex.def Info: ./imagens/3_discussao_resultados/dr4.png used on input
 line 113.
(pdftex.def)             Requested size: 191.91725pt x 289.0804pt.
) (./editaveis/14_Conclusao.tex
[93 <./imagens/3_discussao_resultados/dr3.png (PNG copy)> <./imagens/3_discussa
o_resultados/dr4.png (PNG copy)>]) [94

] (./Principal.bbl [95]
bibitemlist

Underfull \hbox (badness 10000) in paragraph at lines 36--39
[][]\T1/ptm/m/n/12 APACHE. \T1/ptm/b/n/12 What is ma-ven\T1/ptm/m/n/12 . 2015. 
Dis-po-n-vel em: [][]$<[]http : / / maven . apache . org /
 []


Underfull \hbox (badness 10000) in paragraph at lines 47--52
\T1/ptm/m/n/12 caelum . com . br / apostila-[]java-[]orientacao-[]objetos / o-[
]que-[]e-[]java / #2-[]3-[]maquina-[]virtual>[]$[][].
 []


Underfull \hbox (badness 10000) in paragraph at lines 86--91
[][]\T1/ptm/m/n/12 ERL, T. \T1/ptm/b/n/12 In-tro-du-o s tec-no-lo-gias Web S
er-vi-ces: \T1/ptm/m/n/12 soa, soap,
 []


Underfull \hbox (badness 10000) in paragraph at lines 86--91
\T1/ptm/m/n/12 wsdl e uddi. 2015. Dis-po-n-vel em: [][]$<[]http : / / www . de
vmedia . com . br /
 []


Underfull \hbox (badness 10000) in paragraph at lines 86--91
\T1/ptm/m/n/12 introducao-[]as-[]tecnologias-[]web-[]services-[]soa-[]soap-[]ws
dl-[]e-[]uddi-[]parte1 / 2873>[]$[][]. Acesso
 []

[96

]
Underfull \hbox (badness 4739) in paragraph at lines 133--138
[][]\T1/ptm/m/n/12 GUSMO, G. \T1/ptm/b/n/12 Go-o-gle lana ver-so 1.0 do IDE 
de c-digo aberto An-droid
 []


Underfull \hbox (badness 2790) in paragraph at lines 133--138
\T1/ptm/b/n/12 Stu-dio. \T1/ptm/m/n/12 2014. Dis-po-n-vel em: [][]$<[]http : /
 / info . abril . com . br / noticias / it-[]solutions / 2014 / 12 /
 []

[97]
LaTeX Font Info:    Font shape `T1/ptm/bx/it' in size <12> not available
(Font)              Font shape `T1/ptm/b/it' tried instead on input line 229.
) (./editaveis/20_Apendices.tex [98] [99

] (./editaveis/21_Apendice_01.tex
<./imagens/2_q_metodologico/4_procedimentos_resultados/43_webservice/432_desenv
olvimento/desws3.png, id=2150, 559.33969pt x 456.20438pt>
File: ./imagens/2_q_metodologico/4_procedimentos_resultados/43_webservice/432_d
esenvolvimento/desws3.png Graphic file (type png)

<use ./imagens/2_q_metodologico/4_procedimentos_resultados/43_webservice/432_de
senvolvimento/desws3.png>
Package pdftex.def Info: ./imagens/2_q_metodologico/4_procedimentos_resultados/
43_webservice/432_desenvolvimento/desws3.png used on input line 11.
(pdftex.def)             Requested size: 335.6064pt x 273.72473pt.

<./imagens/2_q_metodologico/4_procedimentos_resultados/43_webservice/432_desenv
olvimento/desws4.png, id=2152, 520.19344pt x 557.83406pt>
File: ./imagens/2_q_metodologico/4_procedimentos_resultados/43_webservice/432_d
esenvolvimento/desws4.png Graphic file (type png)

<use ./imagens/2_q_metodologico/4_procedimentos_resultados/43_webservice/432_de
senvolvimento/desws4.png>
Package pdftex.def Info: ./imagens/2_q_metodologico/4_procedimentos_resultados/
43_webservice/432_desenvolvimento/desws4.png used on input line 25.
(pdftex.def)             Requested size: 312.11845pt x 334.703pt.


LaTeX Warning: `!h' float specifier changed to `!ht'.

[100

 <./imagens/2_q_metodologico/4_procedimentos_resultados/43_webservice/432_desen
volvimento/desws3.png>]
<./imagens/2_q_metodologico/4_procedimentos_resultados/43_webservice/432_desenv
olvimento/desws5.png, id=2162, 520.19344pt x 539.76656pt>
File: ./imagens/2_q_metodologico/4_procedimentos_resultados/43_webservice/432_d
esenvolvimento/desws5.png Graphic file (type png)

<use ./imagens/2_q_metodologico/4_procedimentos_resultados/43_webservice/432_de
senvolvimento/desws5.png>
Package pdftex.def Info: ./imagens/2_q_metodologico/4_procedimentos_resultados/
43_webservice/432_desenvolvimento/desws5.png used on input line 39.
(pdftex.def)             Requested size: 312.11845pt x 323.86243pt.


LaTeX Warning: `!h' float specifier changed to `!ht'.

[101 <./imagens/2_q_metodologico/4_procedimentos_resultados/43_webservice/432_d
esenvolvimento/desws4.png>]
<./imagens/2_q_metodologico/4_procedimentos_resultados/43_webservice/432_desenv
olvimento/desws6.png, id=2170, 520.19344pt x 540.51938pt>
File: ./imagens/2_q_metodologico/4_procedimentos_resultados/43_webservice/432_d
esenvolvimento/desws6.png Graphic file (type png)

<use ./imagens/2_q_metodologico/4_procedimentos_resultados/43_webservice/432_de
senvolvimento/desws6.png>
Package pdftex.def Info: ./imagens/2_q_metodologico/4_procedimentos_resultados/
43_webservice/432_desenvolvimento/desws6.png used on input line 56.
(pdftex.def)             Requested size: 312.11845pt x 324.31412pt.


LaTeX Warning: `!h' float specifier changed to `!ht'.

[102 <./imagens/2_q_metodologico/4_procedimentos_resultados/43_webservice/432_d
esenvolvimento/desws5.png>])) (./editaveis/30_Anexos.tex [103 <./imagens/2_q_me
todologico/4_procedimentos_resultados/43_webservice/432_desenvolvimento/desws6.
png>] [104

] (./editaveis/31_Anexo_01.tex))
No file Principal.ind.

AED: lastpage setting LastPage
[105

]

Package caption Warning: Unused \captionsetup[Quadro] on input line 301.
See the caption package documentation for explanation.


Package caption Warning: Unused \captionsetup[floatfoot] on input line 303.
See the caption package documentation for explanation.

\tf@lof=\write4
\openout4 = `Principal.lof'.

\tf@toc=\write5
\openout5 = `Principal.toc'.

Package atveryend Info: Empty hook `BeforeClearDocument' on input line 55.
Package atveryend Info: Empty hook `AfterLastShipout' on input line 55.
(./Principal.aux (./fixos/01_Capa.aux))
Package atveryend Info: Executing hook `AtVeryEndDocument' on input line 55.
Package atveryend Info: Empty hook `AtEndAfterFileList' on input line 55.


LaTeX Warning: Label(s) may have changed. Rerun to get cross-references right.

Package atveryend Info: Empty hook `AtVeryVeryEnd' on input line 55.
 ) 
Here is how much of TeX's memory you used:
 17484 strings out of 493105
 269674 string characters out of 6137072
 545740 words of memory out of 5000000
 19078 multiletter control sequences out of 15000+600000
 60234 words of font info for 63 fonts, out of 8000000 for 9000
 1141 hyphenation exceptions out of 8191
 46i,12n,49p,374b,1788s stack positions out of 5000i,500n,10000p,200000b,80000s
{/usr/share/texlive/texmf-dist/fonts/enc/dvips/base/8r.enc}{/usr/share/texmf/
fonts/enc/dvips/lm/lm-ec.enc}</usr/share/texlive/texmf-dist/fonts/type1/public/
amsfonts/cm/cmsy10.pfb></usr/share/texmf/fonts/type1/public/lm/lmtk10.pfb></usr
/share/texmf/fonts/type1/public/lm/lmtl10.pfb></usr/share/texlive/texmf-dist/fo
nts/type1/urw/times/utmb8a.pfb></usr/share/texlive/texmf-dist/fonts/type1/urw/t
imes/utmbi8a.pfb></usr/share/texlive/texmf-dist/fonts/type1/urw/times/utmr8a.pf
b></usr/share/texlive/texmf-dist/fonts/type1/urw/times/utmri8a.pfb>
Output written on Principal.pdf (106 pages, 2109580 bytes).
PDF statistics:
 2617 PDF objects out of 2984 (max. 8388607)
 2421 compressed objects within 25 object streams
 1336 named destinations out of 1440 (max. 500000)
 501 words of extra memory for PDF output out of 10000 (max. 10000000)

